<?xml version="1.0" encoding="UTF-8"?>
<testng-results skipped="0" failed="0" ignored="0" total="2" passed="2">
  <reporter-output>
  </reporter-output>
  <suite name="Default suite" duration-ms="37815" started-at="2019-01-06T23:12:56Z" finished-at="2019-01-06T23:13:33Z">
    <groups>
    </groups>
    <test name="Default test" duration-ms="37815" started-at="2019-01-06T23:12:56Z" finished-at="2019-01-06T23:13:33Z">
      <class name="Basic.Child">
        <test-method status="PASS" signature="signin()[pri:0, instance:Basic.Child@fad74ee]" name="signin" duration-ms="14955" started-at="2019-01-06T23:12:56Z" finished-at="2019-01-06T23:13:10Z">
          <reporter-output>
          </reporter-output>
        </test-method> <!-- signin -->
        <test-method status="PASS" signature="login()[pri:0, instance:Basic.Child@fad74ee]" name="login" duration-ms="22838" started-at="2019-01-06T23:13:10Z" finished-at="2019-01-06T23:13:33Z">
          <reporter-output>
          </reporter-output>
        </test-method> <!-- login -->
      </class> <!-- Basic.Child -->
    </test> <!-- Default test -->
  </suite> <!-- Default suite -->
</testng-results>
