<?xml version="1.0" encoding="UTF-8"?>
<!-- Generated by org.testng.reporters.JUnitXMLReporter -->
<testsuite hostname="LAPTOP-P7042C9B" ignored="1" name="Personal loan" tests="9" failures="0" timestamp="06 Jan 2019 05:18:42 GMT" time="0.094" errors="0">
  <testcase name="APIcarloan" time="0.005" classname="Basic.Carloan"/>
  <testcase name="Webcarloan" time="0.007" classname="Basic.Carloan"/>
  <testcase name="Mobilecarloan" time="0.004" classname="Basic.Carloan"/>
  <testcase name="sample" time="0.002" classname="Basic.Dataprovider"/>
  <testcase name="sample" time="0.005" classname="Basic.Dataprovider"/>
  <testcase name="demo" time="0.003" classname="Basic.day2"/>
  <testcase name="demo" time="0.002" classname="Basic.day3"/>
  <testcase name="MobileHomeloan" time="0.001" classname="Basic.Homeloan"/>
  <testcase name="WebHomeloan" time="0.003" classname="Basic.Homeloan"/>
  <testcase name="APIHomeloan" time="0.0" classname="Basic.Homeloan">
    <ignored/>
  </testcase> <!-- APIHomeloan -->
</testsuite> <!-- Personal loan -->
